#
# There is insufficient memory for the Java Runtime Environment to continue.
# Native memory allocation (mmap) failed to map 65536 bytes. Error detail: Failed to commit metaspace.
# Possible reasons:
#   The system is out of physical RAM or swap space
#   This process is running with CompressedOops enabled, and the Java Heap may be blocking the growth of the native heap
# Possible solutions:
#   Reduce memory load on the system
#   Increase physical memory or swap space
#   Check if swap backing store is full
#   Decrease Java heap size (-Xmx/-Xms)
#   Decrease number of Java threads
#   Decrease Java thread stack sizes (-Xss)
#   Set larger code cache with -XX:ReservedCodeCacheSize=
#   JVM is running with Unscaled Compressed Oops mode in which the Java heap is
#     placed in the first 4GB address space. The Java Heap base address is the
#     maximum limit for the native heap growth. Please use -XX:HeapBaseMinAddress
#     to set the Java Heap base and to place the Java Heap above 4GB virtual address.
# This output file may be truncated or incomplete.
#
#  Out of Memory Error (virtualSpaceNode.cpp:112), pid=15060, tid=3096
#
# JRE version: OpenJDK Runtime Environment Temurin-21.0.3+9 (21.0.3+9) (build 21.0.3+9-LTS)
# Java VM: OpenJDK 64-Bit Server VM Temurin-21.0.3+9 (21.0.3+9-LTS, mixed mode, tiered, compressed oops, compressed class ptrs, g1 gc, windows-amd64)
# No core dump will be written. Minidumps are not enabled by default on client versions of Windows
#

---------------  S U M M A R Y ------------

Command Line: -Dfile.encoding=UTF-8 -Dstdout.encoding=UTF-8 -Dstderr.encoding=UTF-8 --module-path=C:\Users\reddy\Documents\workspace-spring-tool-suite-4-4.23.1.RELEASE\java_logics\bin -XX:+ShowCodeDetailsInExceptionMessages -Djdk.module.main=java_logics java_logics/java_logics.logics.HashMap

Host: 11th Gen Intel(R) Core(TM) i5-11260H @ 2.60GHz, 12 cores, 7G,  Windows 11 , 64 bit Build 22621 (10.0.22621.3958)
Time: Wed Sep 25 15:10:11 2024 India Standard Time elapsed time: 0.404274 seconds (0d 0h 0m 0s)

---------------  T H R E A D  ---------------

Current thread (0x0000011fcb36ec00):  JavaThread "main"             [_thread_in_vm, id=3096, stack(0x00000010ee600000,0x00000010ee700000) (1024K)]

Stack: [0x00000010ee600000,0x00000010ee700000]
Native frames: (J=compiled Java code, j=interpreted, Vv=VM code, C=native code)
V  [jvm.dll+0x6c8699]
V  [jvm.dll+0x8a2061]
V  [jvm.dll+0x8a458e]
V  [jvm.dll+0x8a4c63]
V  [jvm.dll+0x27e476]
V  [jvm.dll+0x89ddae]
V  [jvm.dll+0x66b525]
V  [jvm.dll+0x1e3f8c]
V  [jvm.dll+0x1e3d5e]
V  [jvm.dll+0x66de22]
V  [jvm.dll+0x66dc42]
V  [jvm.dll+0x66befe]
V  [jvm.dll+0x3ba90f]
V  [jvm.dll+0x20cf0b]
V  [jvm.dll+0x5a9cb6]
V  [jvm.dll+0x21c9ba]
V  [jvm.dll+0x81adc1]
V  [jvm.dll+0x81bdf4]
V  [jvm.dll+0x81c5d0]
V  [jvm.dll+0x21615c]
V  [jvm.dll+0x20b347]
V  [jvm.dll+0x5a9c8c]
V  [jvm.dll+0x21c9ba]
V  [jvm.dll+0x81adc1]
V  [jvm.dll+0x81bdf4]
V  [jvm.dll+0x81c3ad]
V  [jvm.dll+0x81c048]
V  [jvm.dll+0x26bc0b]
V  [jvm.dll+0x3d086e]
C  0x0000011fd85ab12b

The last pc belongs to new (printed below).
Java frames: (J=compiled Java code, j=interpreted, Vv=VM code)
j  java.nio.DirectByteBuffer.asLongBuffer()Ljava/nio/LongBuffer;+137 java.base
j  jdk.internal.perf.PerfCounter.<init>(Ljava/lang/String;I)V+30 java.base
j  jdk.internal.perf.PerfCounter.newPerfCounter(Ljava/lang/String;)Ljdk/internal/perf/PerfCounter;+6 java.base
j  jdk.internal.module.ModulePath.<clinit>()V+32 java.base
v  ~StubRoutines::call_stub 0x0000011fd85910e7
j  jdk.internal.module.ModuleBootstrap.finderFor(Ljava/lang/String;)Ljava/lang/module/ModuleFinder;+79 java.base
j  jdk.internal.module.ModuleBootstrap.boot2()Ljava/lang/ModuleLayer;+8 java.base
j  jdk.internal.module.ModuleBootstrap.boot()Ljava/lang/ModuleLayer;+64 java.base
j  java.lang.System.initPhase2(ZZ)I+0 java.base
v  ~StubRoutines::call_stub 0x0000011fd85910e7
new  187 new  [0x0000011fd85aafa0, 0x0000011fd85ab1a0]  512 bytes
[MachCode]
  0x0000011fd85aafa0: 4883 ec08 | c5fa 1104 | 24eb 1f48 | 83ec 10c5 | fb11 0424 | eb14 4883 | ec10 4889 | 0424 48c7 
  0x0000011fd85aafc0: 4424 0800 | 0000 00eb | 0150 410f | b755 010f | cac1 ea10 | 488b 4de8 | 488b 4908 | 488b 4908 
  0x0000011fd85aafe0: 488b 4108 | 807c 1004 | 070f 85ca | 0000 0066 | 8b54 d148 | 488b 4928 | 488b 4cd1 | 0851 80b9 
  0x0000011fd85ab000: 2001 0000 | 050f 85ad | 0000 008b | 5108 f6c2 | 010f 85a1 | 0000 0049 | 8b87 b801 | 0000 488d 
  0x0000011fd85ab020: 1c10 493b | 9fc8 0100 | 000f 8789 | 0000 0049 | 899f b801 | 0000 4883 | ea10 0f84 | 0f00 0000 
  0x0000011fd85ab040: 33c9 c1ea | 0348 894c | d008 48ff | ca75 f648 | c700 0100 | 0000 5933 | f689 700c | 48c1 e903 
  0x0000011fd85ab060: 8948 0849 | ba19 9a15 | d1fe 7f00 | 0041 803a | 000f 843c | 0000 0050 | 488b c848 | 83ec 2040 
  0x0000011fd85ab080: f6c4 0f0f | 8419 0000 | 0048 83ec | 0848 b870 | f1bf d0fe | 7f00 00ff | d048 83c4 | 08e9 0c00 
  0x0000011fd85ab0a0: 0000 48b8 | 70f1 bfd0 | fe7f 0000 | ffd0 4883 | c420 58e9 | cb00 0000 | 5948 8b55 | e848 8b52 
  0x0000011fd85ab0c0: 0848 8b52 | 0845 0fb7 | 4501 410f | c841 c1e8 | 10e8 0500 | 0000 e9a8 | 0000 0048 | 8d44 2408 
  0x0000011fd85ab0e0: 4c89 6dc0 | 498b cfc5 | f877 4989 | afa8 0300 | 0049 8987 | 9803 0000 | 4883 ec20 | 40f6 c40f 
  0x0000011fd85ab100: 0f84 1900 | 0000 4883 | ec08 48b8 | 2008 8ad0 | fe7f 0000 | ffd0 4883 | c408 e90c | 0000 0048 
  0x0000011fd85ab120: b820 088a | d0fe 7f00 | 00ff d048 | 83c4 2049 | c787 9803 | 0000 0000 | 0000 49c7 | 87a8 0300 
  0x0000011fd85ab140: 0000 0000 | 0049 c787 | a003 0000 | 0000 0000 | c5f8 7749 | 837f 0800 | 0f84 0500 | 0000 e99d 
  0x0000011fd85ab160: 5dfe ff49 | 8b87 f003 | 0000 49c7 | 87f0 0300 | 0000 0000 | 004c 8b6d | c04c 8b75 | c84e 8d74 
  0x0000011fd85ab180: f500 c341 | 0fb6 5d03 | 4983 c503 | 49ba 205b | 18d1 fe7f | 0000 41ff | 24da 660f | 1f44 0000 
[/MachCode]

---------------  P R O C E S S  ---------------

Threads class SMR info:
_java_thread_list=0x0000011fe59b3f40, length=9, elements={
0x0000011fcb36ec00, 0x0000011fe59b7420, 0x0000011fe59b8c80, 0x0000011fe5998b40,
0x0000011fe5993d80, 0x0000011fe5994b90, 0x0000011fe59bcb70, 0x0000011fe5988740,
0x0000011fe59bee30
}

Java Threads: ( => current thread )
=>0x0000011fcb36ec00 JavaThread "main"                              [_thread_in_vm, id=3096, stack(0x00000010ee600000,0x00000010ee700000) (1024K)]
  0x0000011fe59b7420 JavaThread "Reference Handler"          daemon [_thread_blocked, id=15332, stack(0x00000010eee00000,0x00000010eef00000) (1024K)]
  0x0000011fe59b8c80 JavaThread "Finalizer"                  daemon [_thread_blocked, id=15056, stack(0x00000010eef00000,0x00000010ef000000) (1024K)]
  0x0000011fe5998b40 JavaThread "Signal Dispatcher"          daemon [_thread_blocked, id=22744, stack(0x00000010ef000000,0x00000010ef100000) (1024K)]
  0x0000011fe5993d80 JavaThread "Attach Listener"            daemon [_thread_blocked, id=1988, stack(0x00000010ef100000,0x00000010ef200000) (1024K)]
  0x0000011fe5994b90 JavaThread "Service Thread"             daemon [_thread_blocked, id=22476, stack(0x00000010ef200000,0x00000010ef300000) (1024K)]
  0x0000011fe59bcb70 JavaThread "Monitor Deflation Thread"   daemon [_thread_blocked, id=19848, stack(0x00000010ef300000,0x00000010ef400000) (1024K)]
  0x0000011fe5988740 JavaThread "C2 CompilerThread0"         daemon [_thread_blocked, id=16824, stack(0x00000010ef400000,0x00000010ef500000) (1024K)]
  0x0000011fe59bee30 JavaThread "C1 CompilerThread0"         daemon [_thread_blocked, id=12088, stack(0x00000010ef500000,0x00000010ef600000) (1024K)]
Total: 9

Other Threads:
  0x0000011fe590af20 VMThread "VM Thread"                           [id=23836, stack(0x00000010eed00000,0x00000010eee00000) (1024K)]
  0x0000011fe589bed0 WatcherThread "VM Periodic Task Thread"        [id=17900, stack(0x00000010eec00000,0x00000010eed00000) (1024K)]
  0x0000011fcd5b4940 WorkerThread "GC Thread#0"                     [id=21328, stack(0x00000010ee700000,0x00000010ee800000) (1024K)]
  0x0000011fcd5c60b0 ConcurrentGCThread "G1 Main Marker"            [id=23308, stack(0x00000010ee800000,0x00000010ee900000) (1024K)]
  0x0000011fcd5c75d0 WorkerThread "G1 Conc#0"                       [id=1032, stack(0x00000010ee900000,0x00000010eea00000) (1024K)]
  0x0000011fe576dbc0 ConcurrentGCThread "G1 Refine#0"               [id=12904, stack(0x00000010eea00000,0x00000010eeb00000) (1024K)]
  0x0000011fe576e640 ConcurrentGCThread "G1 Service"                [id=2068, stack(0x00000010eeb00000,0x00000010eec00000) (1024K)]
Total: 7

Threads with active compile tasks:
Total: 0

VM state: not at safepoint (normal execution)

VM Mutex/Monitor currently owned by a thread:  ([mutex/lock_event])
[0x00007ffed11700a8] Metaspace_lock - owner thread: 0x0000011fcb36ec00

Heap address: 0x0000000084400000, size: 1980 MB, Compressed Oops mode: 32-bit

CDS archive(s) not mapped
Compressed class space mapped at: 0x0000000100000000-0x0000000140000000, reserved size: 1073741824
Narrow klass base: 0x0000000000000000, Narrow klass shift: 3, Narrow klass range: 0x140000000

GC Precious Log:
 CardTable entry size: 512
 Card Set container configuration: InlinePtr #cards 5 size 8 Array Of Cards #cards 12 size 40 Howl #buckets 4 coarsen threshold 1843 Howl Bitmap #cards 512 size 80 coarsen threshold 460 Card regions per heap region 1 cards per card region 2048
 CPUs: 12 total, 12 available
 Memory: 7914M
 Large Page Support: Disabled
 NUMA Support: Disabled
 Compressed Oops: Enabled (32-bit)
 Heap Region Size: 1M
 Heap Min Capacity: 8M
 Heap Initial Capacity: 124M
 Heap Max Capacity: 1980M
 Pre-touch: Disabled
 Parallel Workers: 10
 Concurrent Workers: 3
 Concurrent Refinement Workers: 10
 Periodic GC: Disabled

Heap:
 garbage-first heap   total 126976K, used 0K [0x0000000084400000, 0x0000000100000000)
  region size 1024K, 1 young (1024K), 0 survivors (0K)
 Metaspace       used 3580K, committed 3584K, reserved 1114112K
  class space    used 255K, committed 256K, reserved 1048576K

Heap Regions: E=young(eden), S=young(survivor), O=old, HS=humongous(starts), HC=humongous(continues), CS=collection set, F=free, TAMS=top-at-mark-start, PB=parsable bottom
|   0|0x0000000084400000, 0x0000000084400000, 0x0000000084500000|  0%| F|  |TAMS 0x0000000084400000| PB 0x0000000084400000| Untracked 
|   1|0x0000000084500000, 0x0000000084500000, 0x0000000084600000|  0%| F|  |TAMS 0x0000000084500000| PB 0x0000000084500000| Untracked 
|   2|0x0000000084600000, 0x0000000084600000, 0x0000000084700000|  0%| F|  |TAMS 0x0000000084600000| PB 0x0000000084600000| Untracked 
|   3|0x0000000084700000, 0x0000000084700000, 0x0000000084800000|  0%| F|  |TAMS 0x0000000084700000| PB 0x0000000084700000| Untracked 
|   4|0x0000000084800000, 0x0000000084800000, 0x0000000084900000|  0%| F|  |TAMS 0x0000000084800000| PB 0x0000000084800000| Untracked 
|   5|0x0000000084900000, 0x0000000084900000, 0x0000000084a00000|  0%| F|  |TAMS 0x0000000084900000| PB 0x0000000084900000| Untracked 
|   6|0x0000000084a00000, 0x0000000084a00000, 0x0000000084b00000|  0%| F|  |TAMS 0x0000000084a00000| PB 0x0000000084a00000| Untracked 
|   7|0x0000000084b00000, 0x0000000084b00000, 0x0000000084c00000|  0%| F|  |TAMS 0x0000000084b00000| PB 0x0000000084b00000| Untracked 
|   8|0x0000000084c00000, 0x0000000084c00000, 0x0000000084d00000|  0%| F|  |TAMS 0x0000000084c00000| PB 0x0000000084c00000| Untracked 
|   9|0x0000000084d00000, 0x0000000084d00000, 0x0000000084e00000|  0%| F|  |TAMS 0x0000000084d00000| PB 0x0000000084d00000| Untracked 
|  10|0x0000000084e00000, 0x0000000084e00000, 0x0000000084f00000|  0%| F|  |TAMS 0x0000000084e00000| PB 0x0000000084e00000| Untracked 
|  11|0x0000000084f00000, 0x0000000084f00000, 0x0000000085000000|  0%| F|  |TAMS 0x0000000084f00000| PB 0x0000000084f00000| Untracked 
|  12|0x0000000085000000, 0x0000000085000000, 0x0000000085100000|  0%| F|  |TAMS 0x0000000085000000| PB 0x0000000085000000| Untracked 
|  13|0x0000000085100000, 0x0000000085100000, 0x0000000085200000|  0%| F|  |TAMS 0x0000000085100000| PB 0x0000000085100000| Untracked 
|  14|0x0000000085200000, 0x0000000085200000, 0x0000000085300000|  0%| F|  |TAMS 0x0000000085200000| PB 0x0000000085200000| Untracked 
|  15|0x0000000085300000, 0x0000000085300000, 0x0000000085400000|  0%| F|  |TAMS 0x0000000085300000| PB 0x0000000085300000| Untracked 
|  16|0x0000000085400000, 0x0000000085400000, 0x0000000085500000|  0%| F|  |TAMS 0x0000000085400000| PB 0x0000000085400000| Untracked 
|  17|0x0000000085500000, 0x0000000085500000, 0x0000000085600000|  0%| F|  |TAMS 0x0000000085500000| PB 0x0000000085500000| Untracked 
|  18|0x0000000085600000, 0x0000000085600000, 0x0000000085700000|  0%| F|  |TAMS 0x0000000085600000| PB 0x0000000085600000| Untracked 
|  19|0x0000000085700000, 0x0000000085700000, 0x0000000085800000|  0%| F|  |TAMS 0x0000000085700000| PB 0x0000000085700000| Untracked 
|  20|0x0000000085800000, 0x0000000085800000, 0x0000000085900000|  0%| F|  |TAMS 0x0000000085800000| PB 0x0000000085800000| Untracked 
|  21|0x0000000085900000, 0x0000000085900000, 0x0000000085a00000|  0%| F|  |TAMS 0x0000000085900000| PB 0x0000000085900000| Untracked 
|  22|0x0000000085a00000, 0x0000000085a00000, 0x0000000085b00000|  0%| F|  |TAMS 0x0000000085a00000| PB 0x0000000085a00000| Untracked 
|  23|0x0000000085b00000, 0x0000000085b00000, 0x0000000085c00000|  0%| F|  |TAMS 0x0000000085b00000| PB 0x0000000085b00000| Untracked 
|  24|0x0000000085c00000, 0x0000000085c00000, 0x0000000085d00000|  0%| F|  |TAMS 0x0000000085c00000| PB 0x0000000085c00000| Untracked 
|  25|0x0000000085d00000, 0x0000000085d00000, 0x0000000085e00000|  0%| F|  |TAMS 0x0000000085d00000| PB 0x0000000085d00000| Untracked 
|  26|0x0000000085e00000, 0x0000000085e00000, 0x0000000085f00000|  0%| F|  |TAMS 0x0000000085e00000| PB 0x0000000085e00000| Untracked 
|  27|0x0000000085f00000, 0x0000000085f00000, 0x0000000086000000|  0%| F|  |TAMS 0x0000000085f00000| PB 0x0000000085f00000| Untracked 
|  28|0x0000000086000000, 0x0000000086000000, 0x0000000086100000|  0%| F|  |TAMS 0x0000000086000000| PB 0x0000000086000000| Untracked 
|  29|0x0000000086100000, 0x0000000086100000, 0x0000000086200000|  0%| F|  |TAMS 0x0000000086100000| PB 0x0000000086100000| Untracked 
|  30|0x0000000086200000, 0x0000000086200000, 0x0000000086300000|  0%| F|  |TAMS 0x0000000086200000| PB 0x0000000086200000| Untracked 
|  31|0x0000000086300000, 0x0000000086300000, 0x0000000086400000|  0%| F|  |TAMS 0x0000000086300000| PB 0x0000000086300000| Untracked 
|  32|0x0000000086400000, 0x0000000086400000, 0x0000000086500000|  0%| F|  |TAMS 0x0000000086400000| PB 0x0000000086400000| Untracked 
|  33|0x0000000086500000, 0x0000000086500000, 0x0000000086600000|  0%| F|  |TAMS 0x0000000086500000| PB 0x0000000086500000| Untracked 
|  34|0x0000000086600000, 0x0000000086600000, 0x0000000086700000|  0%| F|  |TAMS 0x0000000086600000| PB 0x0000000086600000| Untracked 
|  35|0x0000000086700000, 0x0000000086700000, 0x0000000086800000|  0%| F|  |TAMS 0x0000000086700000| PB 0x0000000086700000| Untracked 
|  36|0x0000000086800000, 0x0000000086800000, 0x0000000086900000|  0%| F|  |TAMS 0x0000000086800000| PB 0x0000000086800000| Untracked 
|  37|0x0000000086900000, 0x0000000086900000, 0x0000000086a00000|  0%| F|  |TAMS 0x0000000086900000| PB 0x0000000086900000| Untracked 
|  38|0x0000000086a00000, 0x0000000086a00000, 0x0000000086b00000|  0%| F|  |TAMS 0x0000000086a00000| PB 0x0000000086a00000| Untracked 
|  39|0x0000000086b00000, 0x0000000086b00000, 0x0000000086c00000|  0%| F|  |TAMS 0x0000000086b00000| PB 0x0000000086b00000| Untracked 
|  40|0x0000000086c00000, 0x0000000086c00000, 0x0000000086d00000|  0%| F|  |TAMS 0x0000000086c00000| PB 0x0000000086c00000| Untracked 
|  41|0x0000000086d00000, 0x0000000086d00000, 0x0000000086e00000|  0%| F|  |TAMS 0x0000000086d00000| PB 0x0000000086d00000| Untracked 
|  42|0x0000000086e00000, 0x0000000086e00000, 0x0000000086f00000|  0%| F|  |TAMS 0x0000000086e00000| PB 0x0000000086e00000| Untracked 
|  43|0x0000000086f00000, 0x0000000086f00000, 0x0000000087000000|  0%| F|  |TAMS 0x0000000086f00000| PB 0x0000000086f00000| Untracked 
|  44|0x0000000087000000, 0x0000000087000000, 0x0000000087100000|  0%| F|  |TAMS 0x0000000087000000| PB 0x0000000087000000| Untracked 
|  45|0x0000000087100000, 0x0000000087100000, 0x0000000087200000|  0%| F|  |TAMS 0x0000000087100000| PB 0x0000000087100000| Untracked 
|  46|0x0000000087200000, 0x0000000087200000, 0x0000000087300000|  0%| F|  |TAMS 0x0000000087200000| PB 0x0000000087200000| Untracked 
|  47|0x0000000087300000, 0x0000000087300000, 0x0000000087400000|  0%| F|  |TAMS 0x0000000087300000| PB 0x0000000087300000| Untracked 
|  48|0x0000000087400000, 0x0000000087400000, 0x0000000087500000|  0%| F|  |TAMS 0x0000000087400000| PB 0x0000000087400000| Untracked 
|  49|0x0000000087500000, 0x0000000087500000, 0x0000000087600000|  0%| F|  |TAMS 0x0000000087500000| PB 0x0000000087500000| Untracked 
|  50|0x0000000087600000, 0x0000000087600000, 0x0000000087700000|  0%| F|  |TAMS 0x0000000087600000| PB 0x0000000087600000| Untracked 
|  51|0x0000000087700000, 0x0000000087700000, 0x0000000087800000|  0%| F|  |TAMS 0x0000000087700000| PB 0x0000000087700000| Untracked 
|  52|0x0000000087800000, 0x0000000087800000, 0x0000000087900000|  0%| F|  |TAMS 0x0000000087800000| PB 0x0000000087800000| Untracked 
|  53|0x0000000087900000, 0x0000000087900000, 0x0000000087a00000|  0%| F|  |TAMS 0x0000000087900000| PB 0x0000000087900000| Untracked 
|  54|0x0000000087a00000, 0x0000000087a00000, 0x0000000087b00000|  0%| F|  |TAMS 0x0000000087a00000| PB 0x0000000087a00000| Untracked 
|  55|0x0000000087b00000, 0x0000000087b00000, 0x0000000087c00000|  0%| F|  |TAMS 0x0000000087b00000| PB 0x0000000087b00000| Untracked 
|  56|0x0000000087c00000, 0x0000000087c00000, 0x0000000087d00000|  0%| F|  |TAMS 0x0000000087c00000| PB 0x0000000087c00000| Untracked 
|  57|0x0000000087d00000, 0x0000000087d00000, 0x0000000087e00000|  0%| F|  |TAMS 0x0000000087d00000| PB 0x0000000087d00000| Untracked 
|  58|0x0000000087e00000, 0x0000000087e00000, 0x0000000087f00000|  0%| F|  |TAMS 0x0000000087e00000| PB 0x0000000087e00000| Untracked 
|  59|0x0000000087f00000, 0x0000000087f00000, 0x0000000088000000|  0%| F|  |TAMS 0x0000000087f00000| PB 0x0000000087f00000| Untracked 
|  60|0x0000000088000000, 0x0000000088000000, 0x0000000088100000|  0%| F|  |TAMS 0x0000000088000000| PB 0x0000000088000000| Untracked 
|  61|0x0000000088100000, 0x0000000088100000, 0x0000000088200000|  0%| F|  |TAMS 0x0000000088100000| PB 0x0000000088100000| Untracked 
|  62|0x0000000088200000, 0x0000000088200000, 0x0000000088300000|  0%| F|  |TAMS 0x0000000088200000| PB 0x0000000088200000| Untracked 
|  63|0x0000000088300000, 0x0000000088300000, 0x0000000088400000|  0%| F|  |TAMS 0x0000000088300000| PB 0x0000000088300000| Untracked 
|  64|0x0000000088400000, 0x0000000088400000, 0x0000000088500000|  0%| F|  |TAMS 0x0000000088400000| PB 0x0000000088400000| Untracked 
|  65|0x0000000088500000, 0x0000000088500000, 0x0000000088600000|  0%| F|  |TAMS 0x0000000088500000| PB 0x0000000088500000| Untracked 
|  66|0x0000000088600000, 0x0000000088600000, 0x0000000088700000|  0%| F|  |TAMS 0x0000000088600000| PB 0x0000000088600000| Untracked 
|  67|0x0000000088700000, 0x0000000088700000, 0x0000000088800000|  0%| F|  |TAMS 0x0000000088700000| PB 0x0000000088700000| Untracked 
|  68|0x0000000088800000, 0x0000000088800000, 0x0000000088900000|  0%| F|  |TAMS 0x0000000088800000| PB 0x0000000088800000| Untracked 
|  69|0x0000000088900000, 0x0000000088900000, 0x0000000088a00000|  0%| F|  |TAMS 0x0000000088900000| PB 0x0000000088900000| Untracked 
|  70|0x0000000088a00000, 0x0000000088a00000, 0x0000000088b00000|  0%| F|  |TAMS 0x0000000088a00000| PB 0x0000000088a00000| Untracked 
|  71|0x0000000088b00000, 0x0000000088b00000, 0x0000000088c00000|  0%| F|  |TAMS 0x0000000088b00000| PB 0x0000000088b00000| Untracked 
|  72|0x0000000088c00000, 0x0000000088c00000, 0x0000000088d00000|  0%| F|  |TAMS 0x0000000088c00000| PB 0x0000000088c00000| Untracked 
|  73|0x0000000088d00000, 0x0000000088d00000, 0x0000000088e00000|  0%| F|  |TAMS 0x0000000088d00000| PB 0x0000000088d00000| Untracked 
|  74|0x0000000088e00000, 0x0000000088e00000, 0x0000000088f00000|  0%| F|  |TAMS 0x0000000088e00000| PB 0x0000000088e00000| Untracked 
|  75|0x0000000088f00000, 0x0000000088f00000, 0x0000000089000000|  0%| F|  |TAMS 0x0000000088f00000| PB 0x0000000088f00000| Untracked 
|  76|0x0000000089000000, 0x0000000089000000, 0x0000000089100000|  0%| F|  |TAMS 0x0000000089000000| PB 0x0000000089000000| Untracked 
|  77|0x0000000089100000, 0x0000000089100000, 0x0000000089200000|  0%| F|  |TAMS 0x0000000089100000| PB 0x0000000089100000| Untracked 
|  78|0x0000000089200000, 0x0000000089200000, 0x0000000089300000|  0%| F|  |TAMS 0x0000000089200000| PB 0x0000000089200000| Untracked 
|  79|0x0000000089300000, 0x0000000089300000, 0x0000000089400000|  0%| F|  |TAMS 0x0000000089300000| PB 0x0000000089300000| Untracked 
|  80|0x0000000089400000, 0x0000000089400000, 0x0000000089500000|  0%| F|  |TAMS 0x0000000089400000| PB 0x0000000089400000| Untracked 
|  81|0x0000000089500000, 0x0000000089500000, 0x0000000089600000|  0%| F|  |TAMS 0x0000000089500000| PB 0x0000000089500000| Untracked 
|  82|0x0000000089600000, 0x0000000089600000, 0x0000000089700000|  0%| F|  |TAMS 0x0000000089600000| PB 0x0000000089600000| Untracked 
|  83|0x0000000089700000, 0x0000000089700000, 0x0000000089800000|  0%| F|  |TAMS 0x0000000089700000| PB 0x0000000089700000| Untracked 
|  84|0x0000000089800000, 0x0000000089800000, 0x0000000089900000|  0%| F|  |TAMS 0x0000000089800000| PB 0x0000000089800000| Untracked 
|  85|0x0000000089900000, 0x0000000089900000, 0x0000000089a00000|  0%| F|  |TAMS 0x0000000089900000| PB 0x0000000089900000| Untracked 
|  86|0x0000000089a00000, 0x0000000089a00000, 0x0000000089b00000|  0%| F|  |TAMS 0x0000000089a00000| PB 0x0000000089a00000| Untracked 
|  87|0x0000000089b00000, 0x0000000089b00000, 0x0000000089c00000|  0%| F|  |TAMS 0x0000000089b00000| PB 0x0000000089b00000| Untracked 
|  88|0x0000000089c00000, 0x0000000089c00000, 0x0000000089d00000|  0%| F|  |TAMS 0x0000000089c00000| PB 0x0000000089c00000| Untracked 
|  89|0x0000000089d00000, 0x0000000089d00000, 0x0000000089e00000|  0%| F|  |TAMS 0x0000000089d00000| PB 0x0000000089d00000| Untracked 
|  90|0x0000000089e00000, 0x0000000089e00000, 0x0000000089f00000|  0%| F|  |TAMS 0x0000000089e00000| PB 0x0000000089e00000| Untracked 
|  91|0x0000000089f00000, 0x0000000089f00000, 0x000000008a000000|  0%| F|  |TAMS 0x0000000089f00000| PB 0x0000000089f00000| Untracked 
|  92|0x000000008a000000, 0x000000008a000000, 0x000000008a100000|  0%| F|  |TAMS 0x000000008a000000| PB 0x000000008a000000| Untracked 
|  93|0x000000008a100000, 0x000000008a100000, 0x000000008a200000|  0%| F|  |TAMS 0x000000008a100000| PB 0x000000008a100000| Untracked 
|  94|0x000000008a200000, 0x000000008a200000, 0x000000008a300000|  0%| F|  |TAMS 0x000000008a200000| PB 0x000000008a200000| Untracked 
|  95|0x000000008a300000, 0x000000008a300000, 0x000000008a400000|  0%| F|  |TAMS 0x000000008a300000| PB 0x000000008a300000| Untracked 
|  96|0x000000008a400000, 0x000000008a400000, 0x000000008a500000|  0%| F|  |TAMS 0x000000008a400000| PB 0x000000008a400000| Untracked 
|  97|0x000000008a500000, 0x000000008a500000, 0x000000008a600000|  0%| F|  |TAMS 0x000000008a500000| PB 0x000000008a500000| Untracked 
|  98|0x000000008a600000, 0x000000008a600000, 0x000000008a700000|  0%| F|  |TAMS 0x000000008a600000| PB 0x000000008a600000| Untracked 
|  99|0x000000008a700000, 0x000000008a700000, 0x000000008a800000|  0%| F|  |TAMS 0x000000008a700000| PB 0x000000008a700000| Untracked 
| 100|0x000000008a800000, 0x000000008a800000, 0x000000008a900000|  0%| F|  |TAMS 0x000000008a800000| PB 0x000000008a800000| Untracked 
| 101|0x000000008a900000, 0x000000008a900000, 0x000000008aa00000|  0%| F|  |TAMS 0x000000008a900000| PB 0x000000008a900000| Untracked 
| 102|0x000000008aa00000, 0x000000008aa00000, 0x000000008ab00000|  0%| F|  |TAMS 0x000000008aa00000| PB 0x000000008aa00000| Untracked 
| 103|0x000000008ab00000, 0x000000008ab00000, 0x000000008ac00000|  0%| F|  |TAMS 0x000000008ab00000| PB 0x000000008ab00000| Untracked 
| 104|0x000000008ac00000, 0x000000008ac00000, 0x000000008ad00000|  0%| F|  |TAMS 0x000000008ac00000| PB 0x000000008ac00000| Untracked 
| 105|0x000000008ad00000, 0x000000008ad00000, 0x000000008ae00000|  0%| F|  |TAMS 0x000000008ad00000| PB 0x000000008ad00000| Untracked 
| 106|0x000000008ae00000, 0x000000008ae00000, 0x000000008af00000|  0%| F|  |TAMS 0x000000008ae00000| PB 0x000000008ae00000| Untracked 
| 107|0x000000008af00000, 0x000000008af00000, 0x000000008b000000|  0%| F|  |TAMS 0x000000008af00000| PB 0x000000008af00000| Untracked 
| 108|0x000000008b000000, 0x000000008b000000, 0x000000008b100000|  0%| F|  |TAMS 0x000000008b000000| PB 0x000000008b000000| Untracked 
| 109|0x000000008b100000, 0x000000008b100000, 0x000000008b200000|  0%| F|  |TAMS 0x000000008b100000| PB 0x000000008b100000| Untracked 
| 110|0x000000008b200000, 0x000000008b200000, 0x000000008b300000|  0%| F|  |TAMS 0x000000008b200000| PB 0x000000008b200000| Untracked 
| 111|0x000000008b300000, 0x000000008b300000, 0x000000008b400000|  0%| F|  |TAMS 0x000000008b300000| PB 0x000000008b300000| Untracked 
| 112|0x000000008b400000, 0x000000008b400000, 0x000000008b500000|  0%| F|  |TAMS 0x000000008b400000| PB 0x000000008b400000| Untracked 
| 113|0x000000008b500000, 0x000000008b500000, 0x000000008b600000|  0%| F|  |TAMS 0x000000008b500000| PB 0x000000008b500000| Untracked 
| 114|0x000000008b600000, 0x000000008b600000, 0x000000008b700000|  0%| F|  |TAMS 0x000000008b600000| PB 0x000000008b600000| Untracked 
| 115|0x000000008b700000, 0x000000008b700000, 0x000000008b800000|  0%| F|  |TAMS 0x000000008b700000| PB 0x000000008b700000| Untracked 
| 116|0x000000008b800000, 0x000000008b800000, 0x000000008b900000|  0%| F|  |TAMS 0x000000008b800000| PB 0x000000008b800000| Untracked 
| 117|0x000000008b900000, 0x000000008b900000, 0x000000008ba00000|  0%| F|  |TAMS 0x000000008b900000| PB 0x000000008b900000| Untracked 
| 118|0x000000008ba00000, 0x000000008ba00000, 0x000000008bb00000|  0%| F|  |TAMS 0x000000008ba00000| PB 0x000000008ba00000| Untracked 
| 119|0x000000008bb00000, 0x000000008bb00000, 0x000000008bc00000|  0%| F|  |TAMS 0x000000008bb00000| PB 0x000000008bb00000| Untracked 
| 120|0x000000008bc00000, 0x000000008bc00000, 0x000000008bd00000|  0%| F|  |TAMS 0x000000008bc00000| PB 0x000000008bc00000| Untracked 
| 121|0x000000008bd00000, 0x000000008bd00000, 0x000000008be00000|  0%| F|  |TAMS 0x000000008bd00000| PB 0x000000008bd00000| Untracked 
| 122|0x000000008be00000, 0x000000008be00000, 0x000000008bf00000|  0%| F|  |TAMS 0x000000008be00000| PB 0x000000008be00000| Untracked 
| 123|0x000000008bf00000, 0x000000008c000000, 0x000000008c000000|100%| E|  |TAMS 0x000000008bf00000| PB 0x000000008bf00000| Complete 

Card table byte_map: [0x0000011fe0990000,0x0000011fe0d70000] _byte_map_base: 0x0000011fe056e000

Marking Bits: (CMBitMap*) 0x0000011fcd5b5040
 Bits: [0x0000011fe0d70000, 0x0000011fe2c60000)

Polling page: 0x0000011fcb330000

Metaspace:

Usage:
  Non-class:      3.25 MB used.
      Class:    255.96 KB used.
       Both:      3.50 MB used.

Virtual space:
  Non-class space:       64.00 MB reserved,       3.25 MB (  5%) committed,  1 nodes.
      Class space:        1.00 GB reserved,     256.00 KB ( <1%) committed,  1 nodes.
             Both:        1.06 GB reserved,       3.50 MB ( <1%) committed. 

Chunk freelists:
   Non-Class:  12.00 MB
       Class:  15.62 MB
        Both:  27.62 MB

MaxMetaspaceSize: unlimited
CompressedClassSpaceSize: 1.00 GB
Initial GC threshold: 21.00 MB
Current GC threshold: 21.00 MB
CDS: off
 - commit_granule_bytes: 65536.
 - commit_granule_words: 8192.
 - virtual_space_node_default_size: 8388608.
 - enlarge_chunks_in_place: 1.
 - use_allocation_guard: 0.


Internal statistics:

num_allocs_failed_limit: 0.
num_arena_births: 2.
num_arena_deaths: 0.
num_vsnodes_births: 2.
num_vsnodes_deaths: 0.
num_space_committed: 56.
num_space_uncommitted: 0.
num_chunks_returned_to_freelist: 0.
num_chunks_taken_from_freelist: 3.
num_chunk_merges: 0.
num_chunk_splits: 2.
num_chunks_enlarged: 0.
num_inconsistent_stats: 0.

CodeHeap 'non-profiled nmethods': size=120000Kb used=0Kb max_used=0Kb free=120000Kb
 bounds [0x0000011fd8b30000, 0x0000011fd8da0000, 0x0000011fe0060000]
CodeHeap 'profiled nmethods': size=120000Kb used=9Kb max_used=9Kb free=119990Kb
 bounds [0x0000011fd1060000, 0x0000011fd12d0000, 0x0000011fd8590000]
CodeHeap 'non-nmethods': size=5760Kb used=1221Kb max_used=1224Kb free=4538Kb
 bounds [0x0000011fd8590000, 0x0000011fd8800000, 0x0000011fd8b30000]
 total_blobs=295 nmethods=8 adapters=193
 compilation: enabled
              stopped_count=0, restarted_count=0
 full_count=0

Compilation events (16 events):
Event: 0.394 Thread 0x0000011fe59bee30    1       3       jdk.internal.util.ArraysSupport::signedHashCode (37 bytes)
Event: 0.394 Thread 0x0000011fe59bee30 nmethod 1 0x0000011fd1060010 code [0x0000011fd10601c0, 0x0000011fd1060390]
Event: 0.395 Thread 0x0000011fe59bee30    2       3       java.lang.Object::<init> (1 bytes)
Event: 0.395 Thread 0x0000011fe59bee30 nmethod 2 0x0000011fd1060490 code [0x0000011fd1060620, 0x0000011fd1060728]
Event: 0.399 Thread 0x0000011fe59bee30    5       3       java.lang.String::isLatin1 (19 bytes)
Event: 0.399 Thread 0x0000011fe59bee30 nmethod 5 0x0000011fd1060790 code [0x0000011fd1060940, 0x0000011fd1060ab8]
Event: 0.399 Thread 0x0000011fe59bee30    3       3       java.lang.String::charAt (25 bytes)
Event: 0.399 Thread 0x0000011fe59bee30 nmethod 3 0x0000011fd1060b90 code [0x0000011fd1060d60, 0x0000011fd10610f8]
Event: 0.399 Thread 0x0000011fe59bee30    4       3       java.lang.StringLatin1::charAt (15 bytes)
Event: 0.399 Thread 0x0000011fe59bee30 nmethod 4 0x0000011fd1061290 code [0x0000011fd1061440, 0x0000011fd1061608]
Event: 0.401 Thread 0x0000011fe59bee30    6       3       java.lang.String::coder (15 bytes)
Event: 0.401 Thread 0x0000011fe59bee30 nmethod 6 0x0000011fd1061710 code [0x0000011fd10618a0, 0x0000011fd10619d8]
Event: 0.401 Thread 0x0000011fe59bee30    7       3       java.lang.String::length (11 bytes)
Event: 0.401 Thread 0x0000011fe59bee30 nmethod 7 0x0000011fd1061a90 code [0x0000011fd1061c40, 0x0000011fd1061de0]
Event: 0.401 Thread 0x0000011fe59bee30    8       3       java.lang.String::hashCode (60 bytes)
Event: 0.402 Thread 0x0000011fe59bee30 nmethod 8 0x0000011fd1061e90 code [0x0000011fd1062060, 0x0000011fd10623b0]

GC Heap History (0 events):
No events

Dll operation events (2 events):
Event: 0.011 Loaded shared library C:\Users\reddy\Downloads\sts-4.23.1.RELEASE\plugins\org.eclipse.justj.openjdk.hotspot.jre.full.win32.x86_64_21.0.3.v20240426-1530\jre\bin\java.dll
Event: 0.352 Loaded shared library C:\Users\reddy\Downloads\sts-4.23.1.RELEASE\plugins\org.eclipse.justj.openjdk.hotspot.jre.full.win32.x86_64_21.0.3.v20240426-1530\jre\bin\zip.dll

Deoptimization events (0 events):
No events

Classes loaded (20 events):
Event: 0.402 Loading class jdk/internal/perf/Perf$GetPerfAction
Event: 0.402 Loading class jdk/internal/perf/Perf$GetPerfAction done
Event: 0.402 Loading class jdk/internal/perf/Perf
Event: 0.402 Loading class jdk/internal/perf/Perf done
Event: 0.402 Loading class sun/nio/ch/DirectBuffer
Event: 0.402 Loading class sun/nio/ch/DirectBuffer done
Event: 0.402 Loading class java/nio/DirectByteBuffer
Event: 0.402 Loading class java/nio/MappedByteBuffer
Event: 0.402 Loading class java/nio/MappedByteBuffer done
Event: 0.402 Loading class java/nio/DirectByteBuffer done
Event: 0.402 Loading class java/nio/Bits
Event: 0.402 Loading class java/nio/Bits done
Event: 0.402 Loading class java/util/concurrent/atomic/AtomicLong
Event: 0.402 Loading class java/util/concurrent/atomic/AtomicLong done
Event: 0.402 Loading class java/nio/Bits$1
Event: 0.402 Loading class jdk/internal/misc/VM$BufferPool
Event: 0.403 Loading class jdk/internal/misc/VM$BufferPool done
Event: 0.403 Loading class java/nio/Bits$1 done
Event: 0.403 Loading class java/nio/DirectLongBufferU
Event: 0.403 Loading class java/nio/LongBuffer

Classes unloaded (0 events):
No events

Classes redefined (0 events):
No events

Internal exceptions (0 events):
No events

ZGC Phase Switch (0 events):
No events

VM Operations (0 events):
No events

Events (9 events):
Event: 0.351 Thread 0x0000011fcb36ec00 Thread added: 0x0000011fcb36ec00
Event: 0.392 Thread 0x0000011fe59b7420 Thread added: 0x0000011fe59b7420
Event: 0.392 Thread 0x0000011fe59b8c80 Thread added: 0x0000011fe59b8c80
Event: 0.393 Thread 0x0000011fe5998b40 Thread added: 0x0000011fe5998b40
Event: 0.393 Thread 0x0000011fe5993d80 Thread added: 0x0000011fe5993d80
Event: 0.393 Thread 0x0000011fe5994b90 Thread added: 0x0000011fe5994b90
Event: 0.393 Thread 0x0000011fe59bcb70 Thread added: 0x0000011fe59bcb70
Event: 0.393 Thread 0x0000011fe5988740 Thread added: 0x0000011fe5988740
Event: 0.393 Thread 0x0000011fe59bee30 Thread added: 0x0000011fe59bee30


Dynamic libraries:
0x00007ff6b7bb0000 - 0x00007ff6b7bbe000 	C:\Users\reddy\Downloads\sts-4.23.1.RELEASE\plugins\org.eclipse.justj.openjdk.hotspot.jre.full.win32.x86_64_21.0.3.v20240426-1530\jre\bin\javaw.exe
0x00007fff56130000 - 0x00007fff56347000 	C:\Windows\SYSTEM32\ntdll.dll
0x00007fff0edd0000 - 0x00007fff0edea000 	C:\Program Files\AVG\Antivirus\aswhook.dll
0x00007fff54f30000 - 0x00007fff54ff4000 	C:\Windows\System32\KERNEL32.DLL
0x00007fff537d0000 - 0x00007fff53b7d000 	C:\Windows\System32\KERNELBASE.dll
0x00007fff53b80000 - 0x00007fff53c91000 	C:\Windows\System32\ucrtbase.dll
0x00007fff38c90000 - 0x00007fff38cab000 	C:\Users\reddy\Downloads\sts-4.23.1.RELEASE\plugins\org.eclipse.justj.openjdk.hotspot.jre.full.win32.x86_64_21.0.3.v20240426-1530\jre\bin\VCRUNTIME140.dll
0x00007fff35310000 - 0x00007fff35328000 	C:\Users\reddy\Downloads\sts-4.23.1.RELEASE\plugins\org.eclipse.justj.openjdk.hotspot.jre.full.win32.x86_64_21.0.3.v20240426-1530\jre\bin\jli.dll
0x00007fff55ee0000 - 0x00007fff5608e000 	C:\Windows\System32\USER32.dll
0x00007fff53500000 - 0x00007fff53526000 	C:\Windows\System32\win32u.dll
0x00007fff38e70000 - 0x00007fff39103000 	C:\Windows\WinSxS\amd64_microsoft.windows.common-controls_6595b64144ccf1df_6.0.22621.3672_none_2713b9d173822955\COMCTL32.dll
0x00007fff54f00000 - 0x00007fff54f29000 	C:\Windows\System32\GDI32.dll
0x00007fff554c0000 - 0x00007fff55567000 	C:\Windows\System32\msvcrt.dll
0x00007fff53d40000 - 0x00007fff53e59000 	C:\Windows\System32\gdi32full.dll
0x00007fff53ca0000 - 0x00007fff53d3a000 	C:\Windows\System32\msvcp_win.dll
0x00007fff54b30000 - 0x00007fff54b61000 	C:\Windows\System32\IMM32.DLL
0x00007fff43440000 - 0x00007fff4344c000 	C:\Users\reddy\Downloads\sts-4.23.1.RELEASE\plugins\org.eclipse.justj.openjdk.hotspot.jre.full.win32.x86_64_21.0.3.v20240426-1530\jre\bin\vcruntime140_1.dll
0x00007fff34100000 - 0x00007fff3418e000 	C:\Users\reddy\Downloads\sts-4.23.1.RELEASE\plugins\org.eclipse.justj.openjdk.hotspot.jre.full.win32.x86_64_21.0.3.v20240426-1530\jre\bin\msvcp140.dll
0x00007ffed04d0000 - 0x00007ffed1252000 	C:\Users\reddy\Downloads\sts-4.23.1.RELEASE\plugins\org.eclipse.justj.openjdk.hotspot.jre.full.win32.x86_64_21.0.3.v20240426-1530\jre\bin\server\jvm.dll
0x00007fff551f0000 - 0x00007fff552a2000 	C:\Windows\System32\ADVAPI32.dll
0x00007fff544d0000 - 0x00007fff54579000 	C:\Windows\System32\sechost.dll
0x00007fff53450000 - 0x00007fff53478000 	C:\Windows\System32\bcrypt.dll
0x00007fff54160000 - 0x00007fff54274000 	C:\Windows\System32\RPCRT4.dll
0x00007fff55010000 - 0x00007fff55081000 	C:\Windows\System32\WS2_32.dll
0x00007fff52300000 - 0x00007fff5234d000 	C:\Windows\SYSTEM32\POWRPROF.dll
0x00007fff4bdb0000 - 0x00007fff4bdba000 	C:\Windows\SYSTEM32\VERSION.dll
0x00007fff4bfb0000 - 0x00007fff4bfe4000 	C:\Windows\SYSTEM32\WINMM.dll
0x00007fff522e0000 - 0x00007fff522f3000 	C:\Windows\SYSTEM32\UMPDC.dll
0x00007fff52590000 - 0x00007fff525a8000 	C:\Windows\SYSTEM32\kernel.appcore.dll
0x00007fff4cc30000 - 0x00007fff4cc3a000 	C:\Users\reddy\Downloads\sts-4.23.1.RELEASE\plugins\org.eclipse.justj.openjdk.hotspot.jre.full.win32.x86_64_21.0.3.v20240426-1530\jre\bin\jimage.dll
0x00007fff50cb0000 - 0x00007fff50ee2000 	C:\Windows\SYSTEM32\DBGHELP.DLL
0x00007fff54b70000 - 0x00007fff54efe000 	C:\Windows\System32\combase.dll
0x00007fff53ff0000 - 0x00007fff540c7000 	C:\Windows\System32\OLEAUT32.dll
0x00007fff46dc0000 - 0x00007fff46df2000 	C:\Windows\SYSTEM32\dbgcore.DLL
0x00007fff53480000 - 0x00007fff534fb000 	C:\Windows\System32\bcryptPrimitives.dll
0x00007fff43150000 - 0x00007fff4316f000 	C:\Users\reddy\Downloads\sts-4.23.1.RELEASE\plugins\org.eclipse.justj.openjdk.hotspot.jre.full.win32.x86_64_21.0.3.v20240426-1530\jre\bin\java.dll
0x00007fff430e0000 - 0x00007fff430f8000 	C:\Users\reddy\Downloads\sts-4.23.1.RELEASE\plugins\org.eclipse.justj.openjdk.hotspot.jre.full.win32.x86_64_21.0.3.v20240426-1530\jre\bin\zip.dll
0x00007fff55670000 - 0x00007fff55ed7000 	C:\Windows\System32\SHELL32.dll
0x00007fff51390000 - 0x00007fff51c8f000 	C:\Windows\SYSTEM32\windows.storage.dll
0x00007fff51250000 - 0x00007fff5138f000 	C:\Windows\SYSTEM32\wintypes.dll
0x00007fff54590000 - 0x00007fff54689000 	C:\Windows\System32\SHCORE.dll
0x00007fff56090000 - 0x00007fff560ee000 	C:\Windows\System32\shlwapi.dll
0x00007fff53380000 - 0x00007fff533a7000 	C:\Windows\SYSTEM32\profapi.dll

dbghelp: loaded successfully - version: 4.0.5 - missing functions: none
symbol engine: initialized successfully - sym options: 0x614 - pdb path: .;C:\Users\reddy\Downloads\sts-4.23.1.RELEASE\plugins\org.eclipse.justj.openjdk.hotspot.jre.full.win32.x86_64_21.0.3.v20240426-1530\jre\bin;C:\Windows\SYSTEM32;C:\Program Files\AVG\Antivirus;C:\Windows\WinSxS\amd64_microsoft.windows.common-controls_6595b64144ccf1df_6.0.22621.3672_none_2713b9d173822955;C:\Users\reddy\Downloads\sts-4.23.1.RELEASE\plugins\org.eclipse.justj.openjdk.hotspot.jre.full.win32.x86_64_21.0.3.v20240426-1530\jre\bin\server

VM Arguments:
jvm_args: -Dfile.encoding=UTF-8 -Dstdout.encoding=UTF-8 -Dstderr.encoding=UTF-8 --module-path=C:\Users\reddy\Documents\workspace-spring-tool-suite-4-4.23.1.RELEASE\java_logics\bin -XX:+ShowCodeDetailsInExceptionMessages -Djdk.module.main=java_logics 
java_command: java_logics/java_logics.logics.HashMap
java_class_path (initial): <not set>
Launcher Type: SUN_STANDARD

[Global flags]
     intx CICompilerCount                          = 4                                         {product} {ergonomic}
     uint ConcGCThreads                            = 3                                         {product} {ergonomic}
     uint G1ConcRefinementThreads                  = 10                                        {product} {ergonomic}
   size_t G1HeapRegionSize                         = 1048576                                   {product} {ergonomic}
    uintx GCDrainStackTargetSize                   = 64                                        {product} {ergonomic}
   size_t InitialHeapSize                          = 130023424                                 {product} {ergonomic}
   size_t MarkStackSize                            = 4194304                                   {product} {ergonomic}
   size_t MaxHeapSize                              = 2076180480                                {product} {ergonomic}
   size_t MaxNewSize                               = 1245708288                                {product} {ergonomic}
   size_t MinHeapDeltaBytes                        = 1048576                                   {product} {ergonomic}
   size_t MinHeapSize                              = 8388608                                   {product} {ergonomic}
    uintx NonNMethodCodeHeapSize                   = 5839372                                {pd product} {ergonomic}
    uintx NonProfiledCodeHeapSize                  = 122909434                              {pd product} {ergonomic}
    uintx ProfiledCodeHeapSize                     = 122909434                              {pd product} {ergonomic}
    uintx ReservedCodeCacheSize                    = 251658240                              {pd product} {ergonomic}
     bool SegmentedCodeCache                       = true                                      {product} {ergonomic}
     bool ShowCodeDetailsInExceptionMessages       = true                                   {manageable} {command line}
   size_t SoftMaxHeapSize                          = 2076180480                             {manageable} {ergonomic}
     bool UseCompressedOops                        = true                           {product lp64_product} {ergonomic}
     bool UseG1GC                                  = true                                      {product} {ergonomic}
     bool UseLargePagesIndividualAllocation        = false                                  {pd product} {ergonomic}

Logging:
Log output configuration:
 #0: stdout all=warning uptime,level,tags foldmultilines=false
 #1: stderr all=off uptime,level,tags foldmultilines=false

Environment Variables:
PATH=C:/Users/reddy/Downloads/sts-4.23.1.RELEASE//plugins/org.eclipse.justj.openjdk.hotspot.jre.full.win32.x86_64_21.0.3.v20240426-1530/jre/bin/server;C:/Users/reddy/Downloads/sts-4.23.1.RELEASE//plugins/org.eclipse.justj.openjdk.hotspot.jre.full.win32.x86_64_21.0.3.v20240426-1530/jre/bin;C:\app\reddy\product\11.2.0\dbhome_1\bin;C:\Windows\system32;C:\Windows;C:\Windows\System32\Wbem;C:\Windows\System32\WindowsPowerShell\v1.0\;C:\Windows\System32\OpenSSH\;C:\Program Files (x86)\NVIDIA Corporation\PhysX\Common;C:\Program Files\NVIDIA Corporation\NVIDIA NvDLISR;C:\ProgramData\anaconda3\condabin;C:\Program Files\dotnet\;C:\Program Files\nodejs;C:\Program Files\Git\cmd;C:\Program Files\Git\bin;C:\Program Files\apache-maven-3.9.8;C:\Program Files\apache-maven-3.9.8\bin;C:\Program Files\jdk-17.0.12;C:\app\reddy\product\11.2.0\dbhome_1\bin;C:\Windows\system32;C:\Windows;C:\Windows\System32\Wbem;C:\Windows\System32\WindowsPowerShell\v1.0\;C:\Windows\System32\OpenSSH\;C:\Program Files (x86)\NVIDIA Corporation\PhysX\Common;C:\Program Files\NVIDIA Corporation\NVIDIA NvDLISR;C:\ProgramData\anaconda3\condabin;C:\Program Files\dotnet\;C:\Program Files\nodejs;C:\Program Files\Git\cmd;C:\Program Files\Git\bin;C:\Program Files\apache-maven-3.9.8;C:\Program Files\apache-maven-3.9.8\bin;C:\Program Files\MySQL\MySQL Shell 8.0\bin\;C:\Users\reddy\AppData\Local\Microsoft\WindowsApps;C:\Users\reddy\AppData\Local\Programs\Microsoft VS Code\bin;C:\ProgramData\anaconda3\condabin;C:\Program Files\Java\jdk1.8.0_202\bin;C:\Users\reddy\AppData\Roaming\npm;C:\Users\reddy\AppData\Local\GitHubDesktop\bin;C:\Program Files\jdk-17.0.12\bin;C:\Users\reddy\Downloads\sts-4.23.1.RELEASE;
USERNAME=reddy
OS=Windows_NT
PROCESSOR_IDENTIFIER=Intel64 Family 6 Model 141 Stepping 1, GenuineIntel
TMP=C:\Users\reddy\AppData\Local\Temp
TEMP=C:\Users\reddy\AppData\Local\Temp




Periodic native trim disabled

---------------  S Y S T E M  ---------------

OS:
 Windows 11 , 64 bit Build 22621 (10.0.22621.3958)
OS uptime: 0 days 21:17 hours
Hyper-V role detected

CPU: total 12 (initial active 12) (6 cores per cpu, 2 threads per core) family 6 model 141 stepping 1 microcode 0x50, cx8, cmov, fxsr, ht, mmx, 3dnowpref, sse, sse2, sse3, ssse3, sse4.1, sse4.2, popcnt, lzcnt, tsc, tscinvbit, avx, avx2, aes, erms, clmul, bmi1, bmi2, adx, avx512f, avx512dq, avx512cd, avx512bw, avx512vl, sha, fma, vzeroupper, avx512_vpopcntdq, avx512_vpclmulqdq, avx512_vaes, avx512_vnni, clflush, clflushopt, clwb, avx512_vbmi2, avx512_vbmi, hv, rdtscp, rdpid, fsrm, gfni, avx512_bitalg, f16c, cet_ibt, cet_ss, avx512_ifma
Processor Information for all 12 processors :
  Max Mhz: 2611, Current Mhz: 2611, Mhz Limit: 2611

Memory: 4k page, system-wide physical 7914M (1068M free)
TotalPageFile size 32490M (AvailPageFile size 2M)
current process WorkingSet (physical memory assigned to process): 27M, peak: 27M
current process commit charge ("private bytes"): 199M, peak: 199M

vm_info: OpenJDK 64-Bit Server VM (21.0.3+9-LTS) for windows-amd64 JRE (21.0.3+9-LTS), built on 2024-04-16T00:00:00Z by "admin" with MS VC++ 17.7 (VS2022)

END.
