#
# There is insufficient memory for the Java Runtime Environment to continue.
# Native memory allocation (mmap) failed to map 130023424 bytes. Error detail: G1 virtual space
# Possible reasons:
#   The system is out of physical RAM or swap space
#   This process is running with CompressedOops enabled, and the Java Heap may be blocking the growth of the native heap
# Possible solutions:
#   Reduce memory load on the system
#   Increase physical memory or swap space
#   Check if swap backing store is full
#   Decrease Java heap size (-Xmx/-Xms)
#   Decrease number of Java threads
#   Decrease Java thread stack sizes (-Xss)
#   Set larger code cache with -XX:ReservedCodeCacheSize=
#   JVM is running with Unscaled Compressed Oops mode in which the Java heap is
#     placed in the first 4GB address space. The Java Heap base address is the
#     maximum limit for the native heap growth. Please use -XX:HeapBaseMinAddress
#     to set the Java Heap base and to place the Java Heap above 4GB virtual address.
# This output file may be truncated or incomplete.
#
#  Out of Memory Error (os_windows.cpp:3603), pid=20776, tid=23968
#
# JRE version:  (21.0.3+9) (build )
# Java VM: OpenJDK 64-Bit Server VM (21.0.3+9-LTS, mixed mode, sharing, tiered, compressed oops, compressed class ptrs, g1 gc, windows-amd64)
# No core dump will be written. Minidumps are not enabled by default on client versions of Windows
#

---------------  S U M M A R Y ------------

Command Line: -Dfile.encoding=UTF-8 -Dstdout.encoding=UTF-8 -Dstderr.encoding=UTF-8 --module-path=C:\Users\reddy\Documents\workspace-spring-tool-suite-4-4.23.1.RELEASE\java_logics\bin -XX:+ShowCodeDetailsInExceptionMessages -Djdk.module.main=java_logics java_logics/java_logics.logics.HashMap

Host: 11th Gen Intel(R) Core(TM) i5-11260H @ 2.60GHz, 12 cores, 7G,  Windows 11 , 64 bit Build 22621 (10.0.22621.3958)
Time: Wed Sep 25 15:10:26 2024 India Standard Time elapsed time: 0.024514 seconds (0d 0h 0m 0s)

---------------  T H R E A D  ---------------

Current thread (0x00000211ae1719b0):  JavaThread "Unknown thread" [_thread_in_vm, id=23968, stack(0x000000368f200000,0x000000368f300000) (1024K)]

Stack: [0x000000368f200000,0x000000368f300000]
Native frames: (J=compiled Java code, j=interpreted, Vv=VM code, C=native code)
V  [jvm.dll+0x6c8699]
V  [jvm.dll+0x8a2061]
V  [jvm.dll+0x8a458e]
V  [jvm.dll+0x8a4c63]
V  [jvm.dll+0x27e476]
V  [jvm.dll+0x6c4e15]
V  [jvm.dll+0x6b9b0a]
V  [jvm.dll+0x3523ba]
V  [jvm.dll+0x359f66]
V  [jvm.dll+0x3ab1be]
V  [jvm.dll+0x3ab468]
V  [jvm.dll+0x3265fc]
V  [jvm.dll+0x32715b]
V  [jvm.dll+0x86b0b9]
V  [jvm.dll+0x3b81c1]
V  [jvm.dll+0x854318]
V  [jvm.dll+0x44c55e]
V  [jvm.dll+0x44e081]
C  [jli.dll+0x5278]
C  [ucrtbase.dll+0x29333]
C  [KERNEL32.DLL+0x1257d]
C  [ntdll.dll+0x5af28]


---------------  P R O C E S S  ---------------

Threads class SMR info:
_java_thread_list=0x00007ffed10fe048, length=0, elements={
}

Java Threads: ( => current thread )
Total: 0

Other Threads:
  0x00000211b0396360 WorkerThread "GC Thread#0"                     [id=8912, stack(0x000000368f300000,0x000000368f400000) (1024K)]
  0x00000211b03a74e0 ConcurrentGCThread "G1 Main Marker"            [id=22660, stack(0x000000368f400000,0x000000368f500000) (1024K)]
  0x00000211b03a7fe0 WorkerThread "G1 Conc#0"                       [id=18236, stack(0x000000368f500000,0x000000368f600000) (1024K)]

[error occurred during error reporting (printing all threads), id 0xc0000005, EXCEPTION_ACCESS_VIOLATION (0xc0000005) at pc=0x00007ffed0808f27]
VM state: not at safepoint (not fully initialized)

VM Mutex/Monitor currently owned by a thread:  ([mutex/lock_event])
[0x00007ffed1172228] Heap_lock - owner thread: 0x00000211ae1719b0

Heap address: 0x0000000084400000, size: 1980 MB, Compressed Oops mode: 32-bit

CDS archive(s) mapped at: [0x0000000000000000-0x0000000000000000-0x0000000000000000), size 0, SharedBaseAddress: 0x0000000800000000, ArchiveRelocationMode: 1.
Narrow klass base: 0x0000000000000000, Narrow klass shift: 0, Narrow klass range: 0x0

GC Precious Log:
 CardTable entry size: 512
 Card Set container configuration: InlinePtr #cards 5 size 8 Array Of Cards #cards 12 size 40 Howl #buckets 4 coarsen threshold 1843 Howl Bitmap #cards 512 size 80 coarsen threshold 460 Card regions per heap region 1 cards per card region 2048

Heap:
 garbage-first heap   total 0K, used 0K [0x0000000084400000, 0x0000000100000000)
  region size 1024K, 0 young (0K), 0 survivors (0K)

[error occurred during error reporting (printing heap information), id 0xc0000005, EXCEPTION_ACCESS_VIOLATION (0xc0000005) at pc=0x00007ffed0bf2069]
GC Heap History (0 events):
No events

Dll operation events (1 events):
Event: 0.011 Loaded shared library C:\Users\reddy\Downloads\sts-4.23.1.RELEASE\plugins\org.eclipse.justj.openjdk.hotspot.jre.full.win32.x86_64_21.0.3.v20240426-1530\jre\bin\java.dll

Deoptimization events (0 events):
No events

Classes loaded (0 events):
No events

Classes unloaded (0 events):
No events

Classes redefined (0 events):
No events

Internal exceptions (0 events):
No events

ZGC Phase Switch (0 events):
No events

VM Operations (0 events):
No events

Events (0 events):
No events


Dynamic libraries:
0x00007ff6b7bb0000 - 0x00007ff6b7bbe000 	C:\Users\reddy\Downloads\sts-4.23.1.RELEASE\plugins\org.eclipse.justj.openjdk.hotspot.jre.full.win32.x86_64_21.0.3.v20240426-1530\jre\bin\javaw.exe
0x00007fff56130000 - 0x00007fff56347000 	C:\Windows\SYSTEM32\ntdll.dll
0x00007fff0edd0000 - 0x00007fff0edea000 	C:\Program Files\AVG\Antivirus\aswhook.dll
0x00007fff54f30000 - 0x00007fff54ff4000 	C:\Windows\System32\KERNEL32.DLL
0x00007fff537d0000 - 0x00007fff53b7d000 	C:\Windows\System32\KERNELBASE.dll
0x00007fff53b80000 - 0x00007fff53c91000 	C:\Windows\System32\ucrtbase.dll
0x00007fff35310000 - 0x00007fff35328000 	C:\Users\reddy\Downloads\sts-4.23.1.RELEASE\plugins\org.eclipse.justj.openjdk.hotspot.jre.full.win32.x86_64_21.0.3.v20240426-1530\jre\bin\jli.dll
0x00007fff38c90000 - 0x00007fff38cab000 	C:\Users\reddy\Downloads\sts-4.23.1.RELEASE\plugins\org.eclipse.justj.openjdk.hotspot.jre.full.win32.x86_64_21.0.3.v20240426-1530\jre\bin\VCRUNTIME140.dll
0x00007fff55ee0000 - 0x00007fff5608e000 	C:\Windows\System32\USER32.dll
0x00007fff53500000 - 0x00007fff53526000 	C:\Windows\System32\win32u.dll
0x00007fff38e70000 - 0x00007fff39103000 	C:\Windows\WinSxS\amd64_microsoft.windows.common-controls_6595b64144ccf1df_6.0.22621.3672_none_2713b9d173822955\COMCTL32.dll
0x00007fff554c0000 - 0x00007fff55567000 	C:\Windows\System32\msvcrt.dll
0x00007fff54f00000 - 0x00007fff54f29000 	C:\Windows\System32\GDI32.dll
0x00007fff53d40000 - 0x00007fff53e59000 	C:\Windows\System32\gdi32full.dll
0x00007fff53ca0000 - 0x00007fff53d3a000 	C:\Windows\System32\msvcp_win.dll
0x00007fff54b30000 - 0x00007fff54b61000 	C:\Windows\System32\IMM32.DLL
0x00007fff43440000 - 0x00007fff4344c000 	C:\Users\reddy\Downloads\sts-4.23.1.RELEASE\plugins\org.eclipse.justj.openjdk.hotspot.jre.full.win32.x86_64_21.0.3.v20240426-1530\jre\bin\vcruntime140_1.dll
0x00007fff34100000 - 0x00007fff3418e000 	C:\Users\reddy\Downloads\sts-4.23.1.RELEASE\plugins\org.eclipse.justj.openjdk.hotspot.jre.full.win32.x86_64_21.0.3.v20240426-1530\jre\bin\msvcp140.dll
0x00007ffed04d0000 - 0x00007ffed1252000 	C:\Users\reddy\Downloads\sts-4.23.1.RELEASE\plugins\org.eclipse.justj.openjdk.hotspot.jre.full.win32.x86_64_21.0.3.v20240426-1530\jre\bin\server\jvm.dll
0x00007fff551f0000 - 0x00007fff552a2000 	C:\Windows\System32\ADVAPI32.dll
0x00007fff544d0000 - 0x00007fff54579000 	C:\Windows\System32\sechost.dll
0x00007fff53450000 - 0x00007fff53478000 	C:\Windows\System32\bcrypt.dll
0x00007fff54160000 - 0x00007fff54274000 	C:\Windows\System32\RPCRT4.dll
0x00007fff55010000 - 0x00007fff55081000 	C:\Windows\System32\WS2_32.dll
0x00007fff52300000 - 0x00007fff5234d000 	C:\Windows\SYSTEM32\POWRPROF.dll
0x00007fff4bdb0000 - 0x00007fff4bdba000 	C:\Windows\SYSTEM32\VERSION.dll
0x00007fff4bfb0000 - 0x00007fff4bfe4000 	C:\Windows\SYSTEM32\WINMM.dll
0x00007fff522e0000 - 0x00007fff522f3000 	C:\Windows\SYSTEM32\UMPDC.dll
0x00007fff52590000 - 0x00007fff525a8000 	C:\Windows\SYSTEM32\kernel.appcore.dll
0x00007fff4cc30000 - 0x00007fff4cc3a000 	C:\Users\reddy\Downloads\sts-4.23.1.RELEASE\plugins\org.eclipse.justj.openjdk.hotspot.jre.full.win32.x86_64_21.0.3.v20240426-1530\jre\bin\jimage.dll
0x00007fff50cb0000 - 0x00007fff50ee2000 	C:\Windows\SYSTEM32\DBGHELP.DLL
0x00007fff54b70000 - 0x00007fff54efe000 	C:\Windows\System32\combase.dll
0x00007fff53ff0000 - 0x00007fff540c7000 	C:\Windows\System32\OLEAUT32.dll
0x00007fff46dc0000 - 0x00007fff46df2000 	C:\Windows\SYSTEM32\dbgcore.DLL
0x00007fff53480000 - 0x00007fff534fb000 	C:\Windows\System32\bcryptPrimitives.dll
0x00007fff43150000 - 0x00007fff4316f000 	C:\Users\reddy\Downloads\sts-4.23.1.RELEASE\plugins\org.eclipse.justj.openjdk.hotspot.jre.full.win32.x86_64_21.0.3.v20240426-1530\jre\bin\java.dll

dbghelp: loaded successfully - version: 4.0.5 - missing functions: none
symbol engine: initialized successfully - sym options: 0x614 - pdb path: .;C:\Users\reddy\Downloads\sts-4.23.1.RELEASE\plugins\org.eclipse.justj.openjdk.hotspot.jre.full.win32.x86_64_21.0.3.v20240426-1530\jre\bin;C:\Windows\SYSTEM32;C:\Program Files\AVG\Antivirus;C:\Windows\WinSxS\amd64_microsoft.windows.common-controls_6595b64144ccf1df_6.0.22621.3672_none_2713b9d173822955;C:\Users\reddy\Downloads\sts-4.23.1.RELEASE\plugins\org.eclipse.justj.openjdk.hotspot.jre.full.win32.x86_64_21.0.3.v20240426-1530\jre\bin\server

VM Arguments:
jvm_args: -Dfile.encoding=UTF-8 -Dstdout.encoding=UTF-8 -Dstderr.encoding=UTF-8 --module-path=C:\Users\reddy\Documents\workspace-spring-tool-suite-4-4.23.1.RELEASE\java_logics\bin -XX:+ShowCodeDetailsInExceptionMessages -Djdk.module.main=java_logics 
java_command: java_logics/java_logics.logics.HashMap
java_class_path (initial): <not set>
Launcher Type: SUN_STANDARD

[Global flags]
     intx CICompilerCount                          = 4                                         {product} {ergonomic}
     uint ConcGCThreads                            = 3                                         {product} {ergonomic}
     uint G1ConcRefinementThreads                  = 10                                        {product} {ergonomic}
   size_t G1HeapRegionSize                         = 1048576                                   {product} {ergonomic}
    uintx GCDrainStackTargetSize                   = 64                                        {product} {ergonomic}
   size_t InitialHeapSize                          = 130023424                                 {product} {ergonomic}
   size_t MarkStackSize                            = 4194304                                   {product} {ergonomic}
   size_t MaxHeapSize                              = 2076180480                                {product} {ergonomic}
   size_t MinHeapDeltaBytes                        = 1048576                                   {product} {ergonomic}
   size_t MinHeapSize                              = 8388608                                   {product} {ergonomic}
    uintx NonNMethodCodeHeapSize                   = 5839372                                {pd product} {ergonomic}
    uintx NonProfiledCodeHeapSize                  = 122909434                              {pd product} {ergonomic}
    uintx ProfiledCodeHeapSize                     = 122909434                              {pd product} {ergonomic}
    uintx ReservedCodeCacheSize                    = 251658240                              {pd product} {ergonomic}
     bool SegmentedCodeCache                       = true                                      {product} {ergonomic}
     bool ShowCodeDetailsInExceptionMessages       = true                                   {manageable} {command line}
   size_t SoftMaxHeapSize                          = 2076180480                             {manageable} {ergonomic}
     bool UseCompressedOops                        = true                           {product lp64_product} {ergonomic}
     bool UseG1GC                                  = true                                      {product} {ergonomic}
     bool UseLargePagesIndividualAllocation        = false                                  {pd product} {ergonomic}

Logging:
Log output configuration:
 #0: stdout all=warning uptime,level,tags foldmultilines=false
 #1: stderr all=off uptime,level,tags foldmultilines=false

Environment Variables:
PATH=C:/Users/reddy/Downloads/sts-4.23.1.RELEASE//plugins/org.eclipse.justj.openjdk.hotspot.jre.full.win32.x86_64_21.0.3.v20240426-1530/jre/bin/server;C:/Users/reddy/Downloads/sts-4.23.1.RELEASE//plugins/org.eclipse.justj.openjdk.hotspot.jre.full.win32.x86_64_21.0.3.v20240426-1530/jre/bin;C:\app\reddy\product\11.2.0\dbhome_1\bin;C:\Windows\system32;C:\Windows;C:\Windows\System32\Wbem;C:\Windows\System32\WindowsPowerShell\v1.0\;C:\Windows\System32\OpenSSH\;C:\Program Files (x86)\NVIDIA Corporation\PhysX\Common;C:\Program Files\NVIDIA Corporation\NVIDIA NvDLISR;C:\ProgramData\anaconda3\condabin;C:\Program Files\dotnet\;C:\Program Files\nodejs;C:\Program Files\Git\cmd;C:\Program Files\Git\bin;C:\Program Files\apache-maven-3.9.8;C:\Program Files\apache-maven-3.9.8\bin;C:\Program Files\jdk-17.0.12;C:\app\reddy\product\11.2.0\dbhome_1\bin;C:\Windows\system32;C:\Windows;C:\Windows\System32\Wbem;C:\Windows\System32\WindowsPowerShell\v1.0\;C:\Windows\System32\OpenSSH\;C:\Program Files (x86)\NVIDIA Corporation\PhysX\Common;C:\Program Files\NVIDIA Corporation\NVIDIA NvDLISR;C:\ProgramData\anaconda3\condabin;C:\Program Files\dotnet\;C:\Program Files\nodejs;C:\Program Files\Git\cmd;C:\Program Files\Git\bin;C:\Program Files\apache-maven-3.9.8;C:\Program Files\apache-maven-3.9.8\bin;C:\Program Files\MySQL\MySQL Shell 8.0\bin\;C:\Users\reddy\AppData\Local\Microsoft\WindowsApps;C:\Users\reddy\AppData\Local\Programs\Microsoft VS Code\bin;C:\ProgramData\anaconda3\condabin;C:\Program Files\Java\jdk1.8.0_202\bin;C:\Users\reddy\AppData\Roaming\npm;C:\Users\reddy\AppData\Local\GitHubDesktop\bin;C:\Program Files\jdk-17.0.12\bin;C:\Users\reddy\Downloads\sts-4.23.1.RELEASE;
USERNAME=reddy
OS=Windows_NT
PROCESSOR_IDENTIFIER=Intel64 Family 6 Model 141 Stepping 1, GenuineIntel
TMP=C:\Users\reddy\AppData\Local\Temp
TEMP=C:\Users\reddy\AppData\Local\Temp




Periodic native trim disabled

---------------  S Y S T E M  ---------------

OS:
 Windows 11 , 64 bit Build 22621 (10.0.22621.3958)
OS uptime: 0 days 21:18 hours
Hyper-V role detected

CPU: total 12 (initial active 12) (6 cores per cpu, 2 threads per core) family 6 model 141 stepping 1 microcode 0x50, cx8, cmov, fxsr, ht, mmx, 3dnowpref, sse, sse2, sse3, ssse3, sse4.1, sse4.2, popcnt, lzcnt, tsc, tscinvbit, avx, avx2, aes, erms, clmul, bmi1, bmi2, adx, avx512f, avx512dq, avx512cd, avx512bw, avx512vl, sha, fma, vzeroupper, avx512_vpopcntdq, avx512_vpclmulqdq, avx512_vaes, avx512_vnni, clflush, clflushopt, clwb, avx512_vbmi2, avx512_vbmi, hv, rdtscp, rdpid, fsrm, gfni, avx512_bitalg, f16c, cet_ibt, cet_ss, avx512_ifma
Processor Information for all 12 processors :
  Max Mhz: 2611, Current Mhz: 2611, Mhz Limit: 2611

Memory: 4k page, system-wide physical 7914M (1098M free)
TotalPageFile size 32490M (AvailPageFile size 92M)
current process WorkingSet (physical memory assigned to process): 11M, peak: 11M
current process commit charge ("private bytes"): 64M, peak: 188M

vm_info: OpenJDK 64-Bit Server VM (21.0.3+9-LTS) for windows-amd64 JRE (21.0.3+9-LTS), built on 2024-04-16T00:00:00Z by "admin" with MS VC++ 17.7 (VS2022)

END.
